<?xml version="1.0" encoding="UTF-8"?>
<testng-results skipped="0" failed="1" total="1" passed="0">
  <reporter-output>
    <line>
      <![CDATA[TestCase Started]]>
    </line>
    <line>
      <![CDATA[Launched browser with URL http://test-maxmywealth.weboapps.com/]]>
    </line>
    <line>
      <![CDATA[Window maximized]]>
    </line>
    <line>
      <![CDATA[Clicked on By.xpath: .//*[@id='bs-example-navbar-collapse-1']/ul/li[2]/a]]>
    </line>
    <line>
      <![CDATA[Setting text "Pratieeek" on By.id: user_name]]>
    </line>
    <line>
      <![CDATA[Setting text "9970095070" on By.id: user_mobile_no]]>
    </line>
    <line>
      <![CDATA[Take screenshot]]>
    </line>
    <line>
      <![CDATA[Take screenshot]]>
    </line>
    <line>
      <![CDATA[Take screenshot]]>
    </line>
    <line>
      <![CDATA[Driver set to null]]>
    </line>
    <line>
      <![CDATA[TestCase completed]]>
    </line>
  </reporter-output>
  <suite name="Default suite" duration-ms="31884" started-at="2016-06-06T11:58:38Z" finished-at="2016-06-06T11:59:10Z">
    <groups>
    </groups>
    <test name="Default test" duration-ms="31884" started-at="2016-06-06T11:58:38Z" finished-at="2016-06-06T11:59:10Z">
      <class name="FreshMMW">
        <test-method status="PASS" signature="testStart()[pri:0, instance:FreshMMW@6a5ebdf7]" name="testStart" is-config="true" duration-ms="7" started-at="2016-06-06T17:28:38Z" finished-at="2016-06-06T17:28:38Z">
          <reporter-output>
            <line>
              <![CDATA[TestCase Started]]>
            </line>
          </reporter-output>
        </test-method> <!-- testStart -->
        <test-method status="PASS" signature="setUp(java.lang.reflect.Method)[pri:0, instance:FreshMMW@6a5ebdf7]" name="setUp" is-config="true" duration-ms="1" started-at="2016-06-06T17:28:43Z" finished-at="2016-06-06T17:28:43Z">
          <params>
            <param index="0">
              <value>
                <![CDATA[public void FreshMMW.FreshMMW(java.lang.Integer,java.lang.Boolean) throws java.lang.Exception]]>
              </value>
            </param>
          </params>
          <reporter-output>
          </reporter-output>
        </test-method> <!-- setUp -->
        <test-method status="FAIL" signature="FreshMMW(java.lang.Integer, java.lang.Boolean)[pri:0, instance:FreshMMW@6a5ebdf7]" name="FreshMMW" duration-ms="24120" started-at="2016-06-06T17:28:43Z" data-provider="xml" finished-at="2016-06-06T17:29:07Z">
          <params>
            <param index="0">
              <value>
                <![CDATA[0]]>
              </value>
            </param>
            <param index="1">
              <value>
                <![CDATA[true]]>
              </value>
            </param>
          </params>
          <exception class="org.openqa.selenium.WebDriverException">
            <message>
              <![CDATA[chrome not reachable
  (Session info: chrome=50.0.2661.102)
  (Driver info: chromedriver=2.21.371459 (36d3d07f660ff2bc1bf28a75d1cdabed0983e7c4),platform=Windows NT 6.2 x86_64) (WARNING: The server did not provide any stacktrace information)
Command duration or timeout: 2.03 seconds
Build info: version: 'unknown', revision: 'unknown', time: 'unknown'
System info: host: 'webonise', ip: '10.0.1.138', os.name: 'Windows 8', os.arch: 'amd64', os.version: '6.2', java.version: '1.7.0_45'
Session ID: 0b0e12a7f04f876312b4f8edc03728f4
Driver info: org.openqa.selenium.chrome.ChromeDriver
Capabilities [{platform=WIN8, acceptSslCerts=true, javascriptEnabled=true, browserName=chrome, chrome={userDataDir=C:\Users\WEBONI~1\AppData\Local\Temp\scoped_dir4568_26587, chromedriverVersion=2.21.371459 (36d3d07f660ff2bc1bf28a75d1cdabed0983e7c4)}, rotatable=false, locationContextEnabled=true, mobileEmulationEnabled=false, version=50.0.2661.102, takesHeapSnapshot=true, cssSelectorsEnabled=true, databaseEnabled=false, handlesAlerts=true, browserConnectionEnabled=false, webStorageEnabled=true, nativeEvents=true, hasTouchScreen=false, applicationCacheEnabled=false, takesScreenshot=true}]]]>
            </message>
            <full-stacktrace>
              <![CDATA[org.openqa.selenium.WebDriverException: chrome not reachable
  (Session info: chrome=50.0.2661.102)
  (Driver info: chromedriver=2.21.371459 (36d3d07f660ff2bc1bf28a75d1cdabed0983e7c4),platform=Windows NT 6.2 x86_64) (WARNING: The server did not provide any stacktrace information)
Command duration or timeout: 2.03 seconds
Build info: version: 'unknown', revision: 'unknown', time: 'unknown'
System info: host: 'webonise', ip: '10.0.1.138', os.name: 'Windows 8', os.arch: 'amd64', os.version: '6.2', java.version: '1.7.0_45'
Session ID: 0b0e12a7f04f876312b4f8edc03728f4
Driver info: org.openqa.selenium.chrome.ChromeDriver
Capabilities [{platform=WIN8, acceptSslCerts=true, javascriptEnabled=true, browserName=chrome, chrome={userDataDir=C:\Users\WEBONI~1\AppData\Local\Temp\scoped_dir4568_26587, chromedriverVersion=2.21.371459 (36d3d07f660ff2bc1bf28a75d1cdabed0983e7c4)}, rotatable=false, locationContextEnabled=true, mobileEmulationEnabled=false, version=50.0.2661.102, takesHeapSnapshot=true, cssSelectorsEnabled=true, databaseEnabled=false, handlesAlerts=true, browserConnectionEnabled=false, webStorageEnabled=true, nativeEvents=true, hasTouchScreen=false, applicationCacheEnabled=false, takesScreenshot=true}]
	at sun.reflect.NativeConstructorAccessorImpl.newInstance0(Native Method)
	at sun.reflect.NativeConstructorAccessorImpl.newInstance(NativeConstructorAccessorImpl.java:57)
	at sun.reflect.DelegatingConstructorAccessorImpl.newInstance(DelegatingConstructorAccessorImpl.java:45)
	at java.lang.reflect.Constructor.newInstance(Constructor.java:526)
	at org.openqa.selenium.remote.ErrorHandler.createThrowable(ErrorHandler.java:206)
	at org.openqa.selenium.remote.ErrorHandler.throwIfResponseFailed(ErrorHandler.java:158)
	at org.openqa.selenium.remote.RemoteWebDriver.execute(RemoteWebDriver.java:595)
	at org.openqa.selenium.remote.RemoteWebDriver.execute(RemoteWebDriver.java:618)
	at org.openqa.selenium.remote.RemoteWebDriver.getScreenshotAs(RemoteWebDriver.java:320)
	at ru.yandex.qatools.ashot.screentaker.ShootingStrategy$1.getScreenshot(ShootingStrategy.java:27)
	at ru.yandex.qatools.ashot.screentaker.HeadCuttingShootingStrategy.getScreenshot(HeadCuttingShootingStrategy.java:21)
	at ru.yandex.qatools.ashot.screentaker.VerticalPastingShootingStrategy.getScreenshot(VerticalPastingShootingStrategy.java:53)
	at ru.yandex.qatools.ashot.screentaker.ScreenTaker.take(ScreenTaker.java:23)
	at ru.yandex.qatools.ashot.AShot.takeScreenshot(AShot.java:166)
	at webonise.automation.core.Actions.attachSS(Actions.java:257)
	at webonise.automation.core.Actions.takeSS(Actions.java:248)
	at webonise.automation.core.Actions.selectByValue(Actions.java:299)
	at FreshMMW.FreshMMW(FreshMMW.java:27)
	at sun.reflect.NativeMethodAccessorImpl.invoke0(Native Method)
	at sun.reflect.NativeMethodAccessorImpl.invoke(NativeMethodAccessorImpl.java:57)
	at sun.reflect.DelegatingMethodAccessorImpl.invoke(DelegatingMethodAccessorImpl.java:43)
	at java.lang.reflect.Method.invoke(Method.java:606)
	at org.testng.internal.MethodInvocationHelper.invokeMethod(MethodInvocationHelper.java:84)
	at org.testng.internal.Invoker.invokeMethod(Invoker.java:714)
	at org.testng.internal.Invoker.invokeTestMethod(Invoker.java:901)
	at org.testng.internal.Invoker.invokeTestMethods(Invoker.java:1231)
	at org.testng.internal.TestMethodWorker.invokeTestMethods(TestMethodWorker.java:127)
	at org.testng.internal.TestMethodWorker.run(TestMethodWorker.java:111)
	at org.testng.TestRunner.privateRun(TestRunner.java:767)
	at org.testng.TestRunner.run(TestRunner.java:617)
	at org.testng.SuiteRunner.runTest(SuiteRunner.java:334)
	at org.testng.SuiteRunner.runSequentially(SuiteRunner.java:329)
	at org.testng.SuiteRunner.privateRun(SuiteRunner.java:291)
	at org.testng.SuiteRunner.run(SuiteRunner.java:240)
	at org.testng.SuiteRunnerWorker.runSuite(SuiteRunnerWorker.java:52)
	at org.testng.SuiteRunnerWorker.run(SuiteRunnerWorker.java:86)
	at org.testng.TestNG.runSuitesSequentially(TestNG.java:1224)
	at org.testng.TestNG.runSuitesLocally(TestNG.java:1149)
	at org.testng.TestNG.run(TestNG.java:1057)
	at org.testng.remote.RemoteTestNG.run(RemoteTestNG.java:111)
	at org.testng.remote.RemoteTestNG.initAndRun(RemoteTestNG.java:204)
	at org.testng.remote.RemoteTestNG.main(RemoteTestNG.java:175)
]]>
            </full-stacktrace>
          </exception> <!-- org.openqa.selenium.WebDriverException -->
          <reporter-output>
            <line>
              <![CDATA[Launched browser with URL http://test-maxmywealth.weboapps.com/]]>
            </line>
            <line>
              <![CDATA[Window maximized]]>
            </line>
            <line>
              <![CDATA[Clicked on By.xpath: .//*[@id='bs-example-navbar-collapse-1']/ul/li[2]/a]]>
            </line>
            <line>
              <![CDATA[Setting text "Pratieeek" on By.id: user_name]]>
            </line>
            <line>
              <![CDATA[Setting text "9970095070" on By.id: user_mobile_no]]>
            </line>
            <line>
              <![CDATA[Take screenshot]]>
            </line>
            <line>
              <![CDATA[Take screenshot]]>
            </line>
            <line>
              <![CDATA[Take screenshot]]>
            </line>
          </reporter-output>
        </test-method> <!-- FreshMMW -->
        <test-method status="PASS" signature="TearDown()[pri:0, instance:FreshMMW@6a5ebdf7]" name="TearDown" is-config="true" duration-ms="22" started-at="2016-06-06T17:29:07Z" finished-at="2016-06-06T17:29:07Z">
          <reporter-output>
            <line>
              <![CDATA[Driver set to null]]>
            </line>
          </reporter-output>
        </test-method> <!-- TearDown -->
        <test-method status="PASS" signature="testEnd()[pri:0, instance:FreshMMW@6a5ebdf7]" name="testEnd" is-config="true" duration-ms="3039" started-at="2016-06-06T17:29:07Z" finished-at="2016-06-06T17:29:10Z">
          <reporter-output>
            <line>
              <![CDATA[TestCase completed]]>
            </line>
          </reporter-output>
        </test-method> <!-- testEnd -->
      </class> <!-- FreshMMW -->
    </test> <!-- Default test -->
  </suite> <!-- Default suite -->
</testng-results>
